SF:lib/main.dart
DA:3,0
DA:4,0
DA:8,2
DA:10,1
DA:12,1
DA:14,1
DA:23,1
DA:27,1
DA:28,1
DA:34,1
DA:35,2
DA:36,2
DA:40,1
DA:42,1
DA:43,1
DA:44,3
DA:46,1
DA:47,1
DA:49,1
DA:53,1
DA:54,2
DA:55,3
DA:60,1
DA:61,1
LF:24
LH:22
end_of_record
SF:lib/src/models/user/user.dart
DA:17,2
DA:19,3
DA:21,0
DA:23,1
DA:31,0
LF:5
LH:3
end_of_record
SF:lib/src/models/user/user.g.dart
DA:9,0
DA:10,0
DA:11,0
DA:12,0
DA:13,0
DA:14,0
DA:15,0
DA:18,0
DA:19,0
DA:20,0
DA:21,0
DA:22,0
DA:23,0
DA:24,0
LF:14
LH:0
end_of_record
